15:06:34:212 [ALWAYS]	GUDE Logging Started
15:06:34:212 [INFO]	SqliteResumeCache::SqliteResumeCache basedirectory is null/empty
15:06:34:212 [ERROR]	SqliteResumeCache::CreateSqliteResumeCache creating resume cache pointer failure
15:06:34:212 [ERROR]	Initialize resume cache pointer failure
15:06:34:212 [INFO]	gude policy POLICY_USER limit (2,2,1) chunk 2097152, chunking (UL 0 DL 1), resXfer 1, adapt 0, NSURL 0, timeout 86400 
15:06:34:212 [INFO]	Initialized -- gude-lib version: v0.12.1 app: gude
15:06:35:174 [WARN]	Ignoring attempt to reinit logging to \gude at level 4 retaining 3 days of logs
15:06:35:174 [INFO]	SqliteResumeCache::SqliteResumeCache basedirectory is null/empty
15:06:35:174 [ERROR]	SqliteResumeCache::CreateSqliteResumeCache creating resume cache pointer failure
15:06:35:175 [ERROR]	Initialize resume cache pointer failure
15:06:35:175 [INFO]	gude policy POLICY_USER limit (4,4,1) chunk 2097152, chunking (UL 0 DL 1), resXfer 1, adapt 0, NSURL 1, timeout 86400 
15:06:35:175 [INFO]	Initialized -- gude-lib version: v0.12.1 app: gude
15:14:58:111 [ALWAYS]	GUDE Logging Started
15:14:58:111 [INFO]	SqliteResumeCache::SqliteResumeCache basedirectory is null/empty
15:14:58:111 [ERROR]	SqliteResumeCache::CreateSqliteResumeCache creating resume cache pointer failure
15:14:58:111 [ERROR]	Initialize resume cache pointer failure
15:14:58:111 [INFO]	gude policy POLICY_USER limit (2,2,1) chunk 2097152, chunking (UL 0 DL 1), resXfer 1, adapt 0, NSURL 0, timeout 86400 
15:14:58:111 [INFO]	Initialized -- gude-lib version: v0.12.1 app: gude
15:14:58:817 [WARN]	Ignoring attempt to reinit logging to \gude at level 4 retaining 3 days of logs
15:14:58:817 [INFO]	SqliteResumeCache::SqliteResumeCache basedirectory is null/empty
15:14:58:817 [ERROR]	SqliteResumeCache::CreateSqliteResumeCache creating resume cache pointer failure
15:14:58:817 [ERROR]	Initialize resume cache pointer failure
15:14:58:817 [INFO]	gude policy POLICY_USER limit (4,4,1) chunk 2097152, chunking (UL 0 DL 1), resXfer 1, adapt 0, NSURL 1, timeout 86400 
15:14:58:817 [INFO]	Initialized -- gude-lib version: v0.12.1 app: gude
